<?xml version="1.0" encoding="UTF-8"?>
<testsuite xmlns:xsi="http://www.w3.org/2001/XMLSchema-instance" xsi:noNamespaceSchemaLocation="https://maven.apache.org/surefire/maven-surefire-plugin/xsd/surefire-test-report.xsd" version="3.0.2" name="com.sass.value.SassNumberTest$Arithmetic" time="0.007" tests="6" errors="0" skipped="0" failures="0">
  <properties>
[...]
</properties>
  <testcase name="divisionCreatesComplexUnits" classname="com.sass.value.SassNumberTest$Arithmetic" time="0.002"/>
  <testcase name="subtraction" classname="com.sass.value.SassNumberTest$Arithmetic" time="0.001"/>
  <testcase name="additionOfCompatibleUnits" classname="com.sass.value.SassNumberTest$Arithmetic" time="0.001"/>
  <testcase name="unaryMinus" classname="com.sass.value.SassNumberTest$Arithmetic" time="0.0"/>
  <testcase name="unaryPlusReturnsThis" classname="com.sass.value.SassNumberTest$Arithmetic" time="0.0"/>
  <testcase name="multiplicationCreatesComplexUnits" classname="com.sass.value.SassNumberTest$Arithmetic" time="0.001"/>
</testsuite>